#
# There is insufficient memory for the Java Runtime Environment to continue.
# Native memory allocation (mmap) failed to map 143130624 bytes for committing reserved memory.
# Possible reasons:
#   The system is out of physical RAM or swap space
#   In 32 bit mode, the process size limit was hit
# Possible solutions:
#   Reduce memory load on the system
#   Increase physical memory or swap space
#   Check if swap backing store is full
#   Use 64 bit Java on a 64 bit OS
#   Decrease Java heap size (-Xmx/-Xms)
#   Decrease number of Java threads
#   Decrease Java thread stack sizes (-Xss)
#   Set larger code cache with -XX:ReservedCodeCacheSize=
# This output file may be truncated or incomplete.
#
#  Out of Memory Error (os_linux.cpp:2673), pid=13088, tid=140235638793984
#
# JRE version: Java(TM) SE Runtime Environment (8.0_45-b14) (build 1.8.0_45-b14)
# Java VM: Java HotSpot(TM) 64-Bit Server VM (25.45-b02 mixed mode linux-amd64 compressed oops)
# Failed to write core dump. Core dumps have been disabled. To enable core dumping, try "ulimit -c unlimited" before starting Java again
#

---------------  T H R E A D  ---------------

Current thread (0x00007f8b58080000):  VMThread [stack: 0x00007f8b275f6000,0x00007f8b276f7000] [id=13103]

Stack: [0x00007f8b275f6000,0x00007f8b276f7000],  sp=0x00007f8b276f5360,  free space=1020k
Native frames: (J=compiled Java code, j=interpreted, Vv=VM code, C=native code)
V  [libjvm.so+0xaac99a]  VMError::report_and_die()+0x2ba
V  [libjvm.so+0x4f333b]  report_vm_out_of_memory(char const*, int, unsigned long, VMErrorType, char const*)+0x8b
V  [libjvm.so+0x90e7c3]  os::Linux::commit_memory_impl(char*, unsigned long, bool)+0x103
V  [libjvm.so+0x90ed19]  os::pd_commit_memory(char*, unsigned long, unsigned long, bool)+0x29
V  [libjvm.so+0x90867a]  os::commit_memory(char*, unsigned long, unsigned long, bool)+0x2a
V  [libjvm.so+0x97bac3]  PSVirtualSpace::expand_by(unsigned long)+0x53
V  [libjvm.so+0x96c320]  PSOldGen::expand(unsigned long)+0x170
V  [libjvm.so+0x96c52b]  PSOldGen::resize(unsigned long)+0x1cb
V  [libjvm.so+0x974241]  PSParallelCompact::invoke_no_policy(bool)+0x9d1
V  [libjvm.so+0x979bed]  PSScavenge::invoke()+0x1ad
V  [libjvm.so+0x932050]  ParallelScavengeHeap::failed_mem_allocate(unsigned long)+0x70
V  [libjvm.so+0xaae1d7]  VM_ParallelGCFailedAllocation::doit()+0x97
V  [libjvm.so+0xab59c5]  VM_Operation::evaluate()+0x55
V  [libjvm.so+0xab3d9a]  VMThread::evaluate_operation(VM_Operation*)+0xba
V  [libjvm.so+0xab411e]  VMThread::loop()+0x1ce
V  [libjvm.so+0xab4590]  VMThread::run()+0x70
V  [libjvm.so+0x910de8]  java_start(Thread*)+0x108

VM_Operation (0x00007f8b5ec9d410): ParallelGCFailedAllocation, mode: safepoint, requested by thread 0x00007f8b5800a000


---------------  P R O C E S S  ---------------

Java Threads: ( => current thread )
  0x00007f8b580cc000 JavaThread "Service Thread" daemon [_thread_blocked, id=13111, stack(0x00007f8b269ef000,0x00007f8b26af0000)]
  0x00007f8b580c7000 JavaThread "C1 CompilerThread3" daemon [_thread_blocked, id=13110, stack(0x00007f8b26af0000,0x00007f8b26bf1000)]
  0x00007f8b580c5000 JavaThread "C2 CompilerThread2" daemon [_thread_blocked, id=13109, stack(0x00007f8b26bf1000,0x00007f8b26cf2000)]
  0x00007f8b580c3000 JavaThread "C2 CompilerThread1" daemon [_thread_blocked, id=13108, stack(0x00007f8b26cf2000,0x00007f8b26df3000)]
  0x00007f8b580c0800 JavaThread "C2 CompilerThread0" daemon [_thread_blocked, id=13107, stack(0x00007f8b26df3000,0x00007f8b26ef4000)]
  0x00007f8b580bf000 JavaThread "Signal Dispatcher" daemon [_thread_blocked, id=13106, stack(0x00007f8b26ef4000,0x00007f8b26ff5000)]
  0x00007f8b58087000 JavaThread "Finalizer" daemon [_thread_blocked, id=13105, stack(0x00007f8b273f4000,0x00007f8b274f5000)]
  0x00007f8b58085000 JavaThread "Reference Handler" daemon [_thread_blocked, id=13104, stack(0x00007f8b274f5000,0x00007f8b275f6000)]
  0x00007f8b5800a000 JavaThread "main" [_thread_blocked, id=13094, stack(0x00007f8b5eb9e000,0x00007f8b5ec9f000)]

Other Threads:
=>0x00007f8b58080000 VMThread [stack: 0x00007f8b275f6000,0x00007f8b276f7000] [id=13103]
  0x00007f8b580ce800 WatcherThread [stack: 0x00007f8b268ee000,0x00007f8b269ef000] [id=13112]

VM state:at safepoint (normal execution)

VM Mutex/Monitor currently owned by a thread:  ([mutex/lock_event])
[0x00007f8b58005c50] ExpandHeap_lock - owner thread: 0x00007f8b58080000
[0x00007f8b580062d0] Threads_lock - owner thread: 0x00007f8b58080000
[0x00007f8b580067d0] Heap_lock - owner thread: 0x00007f8b5800a000

Heap:
 PSYoungGen      total 145408K, used 42028K [0x00000000ec180000, 0x00000000fca00000, 0x0000000100000000)
  eden space 36864K, 0% used [0x00000000ec180000,0x00000000ec180000,0x00000000ee580000)
  from space 108544K, 38% used [0x00000000ee580000,0x00000000f0e8b1a0,0x00000000f4f80000)
  to   space 108544K, 0% used [0x00000000f6000000,0x00000000f6000000,0x00000000fca00000)
 ParOldGen       total 248832K, used 248733K [0x00000000c4400000, 0x00000000d3700000, 0x00000000ec180000)
  object space 248832K, 99% used [0x00000000c4400000,0x00000000d36e77c8,0x00000000d3700000)
 Metaspace       used 11057K, capacity 11250K, committed 11392K, reserved 1058816K
  class space    used 1323K, capacity 1375K, committed 1408K, reserved 1048576K

Card table byte_map: [0x00007f8b4863a000,0x00007f8b48819000] byte_map_base: 0x00007f8b48018000

Marking Bits: (ParMarkBitMap*) 0x00007f8b5e076760
 Begin Bits: [0x00007f8b46052000, 0x00007f8b46f42000)
 End Bits:   [0x00007f8b46f42000, 0x00007f8b47e32000)

Polling page: 0x00007f8b5ecbd000

CodeCache: size=245760Kb used=4230Kb max_used=4230Kb free=241529Kb
 bounds [0x00007f8b48bd9000, 0x00007f8b49009000, 0x00007f8b57bd9000]
 total_blobs=1493 nmethods=1139 adapters=267
 compilation: enabled

Compilation events (10 events):
Event: 1.987 Thread 0x00007f8b580c7000 1135   !   3       java.lang.ref.Finalizer::runFinalizer (62 bytes)
Event: 1.988 Thread 0x00007f8b580c7000 nmethod 1135 0x00007f8b48ff3550 code [0x00007f8b48ff3700, 0x00007f8b48ff3f78]
Event: 1.988 Thread 0x00007f8b580c7000 1136       3       java.lang.ref.Finalizer::hasBeenFinalized (14 bytes)
Event: 1.989 Thread 0x00007f8b580c7000 nmethod 1136 0x00007f8b48ff31d0 code [0x00007f8b48ff3340, 0x00007f8b48ff34f0]
Event: 1.989 Thread 0x00007f8b580c7000 1137   !   3       java.lang.ref.Finalizer::remove (94 bytes)
Event: 1.989 Thread 0x00007f8b580c7000 nmethod 1137 0x00007f8b48ff2a10 code [0x00007f8b48ff2ba0, 0x00007f8b48ff3070]
Event: 1.989 Thread 0x00007f8b580c7000 1138       3       java.lang.System$2::invokeFinalize (5 bytes)
Event: 1.989 Thread 0x00007f8b580c7000 nmethod 1138 0x00007f8b48ffd7d0 code [0x00007f8b48ffd940, 0x00007f8b48ffdb68]
Event: 1.989 Thread 0x00007f8b580c7000 1139       3       java.util.zip.ZipFile$ZipFileInflaterInputStream::finalize (5 bytes)
Event: 1.990 Thread 0x00007f8b580c7000 nmethod 1139 0x00007f8b48ffdc10 code [0x00007f8b48ffdd80, 0x00007f8b48ffdf08]

GC Heap History (10 events):
Event: 3.439 GC heap after
Heap after GC invocations=10 (full 3):
 PSYoungGen      total 106496K, used 55620K [0x00000000ec180000, 0x00000000f8a00000, 0x0000000100000000)
  eden space 34816K, 0% used [0x00000000ec180000,0x00000000ec180000,0x00000000ee380000)
  from space 71680K, 77% used [0x00000000ee380000,0x00000000f19d12f0,0x00000000f2980000)
  to   space 79360K, 0% used [0x00000000f3c80000,0x00000000f3c80000,0x00000000f8a00000)
 ParOldGen       total 194560K, used 90059K [0x00000000c4400000, 0x00000000d0200000, 0x00000000ec180000)
  object space 194560K, 46% used [0x00000000c4400000,0x00000000c9bf2eb0,0x00000000d0200000)
 Metaspace       used 11057K, capacity 11250K, committed 11392K, reserved 1058816K
  class space    used 1323K, capacity 1375K, committed 1408K, reserved 1048576K
}
Event: 3.450 GC heap before
{Heap before GC invocations=11 (full 3):
 PSYoungGen      total 106496K, used 90436K [0x00000000ec180000, 0x00000000f8a00000, 0x0000000100000000)
  eden space 34816K, 100% used [0x00000000ec180000,0x00000000ee380000,0x00000000ee380000)
  from space 71680K, 77% used [0x00000000ee380000,0x00000000f19d12f0,0x00000000f2980000)
  to   space 79360K, 0% used [0x00000000f3c80000,0x00000000f3c80000,0x00000000f8a00000)
 ParOldGen       total 194560K, used 90059K [0x00000000c4400000, 0x00000000d0200000, 0x00000000ec180000)
  object space 194560K, 46% used [0x00000000c4400000,0x00000000c9bf2eb0,0x00000000d0200000)
 Metaspace       used 11057K, capacity 11250K, committed 11392K, reserved 1058816K
  class space    used 1323K, capacity 1375K, committed 1408K, reserved 1048576K
Event: 3.554 GC heap after
Heap after GC invocations=11 (full 3):
 PSYoungGen      total 106496K, used 79332K [0x00000000ec180000, 0x00000000fb480000, 0x0000000100000000)
  eden space 27136K, 0% used [0x00000000ec180000,0x00000000ec180000,0x00000000edc00000)
  from space 79360K, 99% used [0x00000000f3c80000,0x00000000f89f92f0,0x00000000f8a00000)
  to   space 98816K, 0% used [0x00000000edc00000,0x00000000edc00000,0x00000000f3c80000)
 ParOldGen       total 194560K, used 101139K [0x00000000c4400000, 0x00000000d0200000, 0x00000000ec180000)
  object space 194560K, 51% used [0x00000000c4400000,0x00000000ca6c4eb0,0x00000000d0200000)
 Metaspace       used 11057K, capacity 11250K, committed 11392K, reserved 1058816K
  class space    used 1323K, capacity 1375K, committed 1408K, reserved 1048576K
}
Event: 3.589 GC heap before
{Heap before GC invocations=12 (full 3):
 PSYoungGen      total 106496K, used 106468K [0x00000000ec180000, 0x00000000fb480000, 0x0000000100000000)
  eden space 27136K, 100% used [0x00000000ec180000,0x00000000edc00000,0x00000000edc00000)
  from space 79360K, 99% used [0x00000000f3c80000,0x00000000f89f92f0,0x00000000f8a00000)
  to   space 98816K, 0% used [0x00000000edc00000,0x00000000edc00000,0x00000000f3c80000)
 ParOldGen       total 194560K, used 137194K [0x00000000c4400000, 0x00000000d0200000, 0x00000000ec180000)
  object space 194560K, 70% used [0x00000000c4400000,0x00000000cc9fab10,0x00000000d0200000)
 Metaspace       used 11057K, capacity 11250K, committed 11392K, reserved 1058816K
  class space    used 1323K, capacity 1375K, committed 1408K, reserved 1048576K
Event: 4.046 GC heap after
Heap after GC invocations=12 (full 3):
 PSYoungGen      total 125952K, used 82592K [0x00000000ec180000, 0x00000000fb980000, 0x0000000100000000)
  eden space 27136K, 0% used [0x00000000ec180000,0x00000000ec180000,0x00000000edc00000)
  from space 98816K, 83% used [0x00000000edc00000,0x00000000f2ca8000,0x00000000f3c80000)
  to   space 108544K, 0% used [0x00000000f4f80000,0x00000000f4f80000,0x00000000fb980000)
 ParOldGen       total 194560K, used 137194K [0x00000000c4400000, 0x00000000d0200000, 0x00000000ec180000)
  object space 194560K, 70% used [0x00000000c4400000,0x00000000cc9fab10,0x00000000d0200000)
 Metaspace       used 11057K, capacity 11250K, committed 11392K, reserved 1058816K
  class space    used 1323K, capacity 1375K, committed 1408K, reserved 1048576K
}
Event: 4.058 GC heap before
{Heap before GC invocations=13 (full 3):
 PSYoungGen      total 125952K, used 109728K [0x00000000ec180000, 0x00000000fb980000, 0x0000000100000000)
  eden space 27136K, 100% used [0x00000000ec180000,0x00000000edc00000,0x00000000edc00000)
  from space 98816K, 83% used [0x00000000edc00000,0x00000000f2ca8000,0x00000000f3c80000)
  to   space 108544K, 0% used [0x00000000f4f80000,0x00000000f4f80000,0x00000000fb980000)
 ParOldGen       total 194560K, used 137194K [0x00000000c4400000, 0x00000000d0200000, 0x00000000ec180000)
  object space 194560K, 70% used [0x00000000c4400000,0x00000000cc9fab10,0x00000000d0200000)
 Metaspace       used 11057K, capacity 11250K, committed 11392K, reserved 1058816K
  class space    used 1323K, capacity 1375K, committed 1408K, reserved 1048576K
Event: 4.629 GC heap after
Heap after GC invocations=13 (full 3):
 PSYoungGen      total 145408K, used 100064K [0x00000000ec180000, 0x00000000fbb00000, 0x0000000100000000)
  eden space 36864K, 0% used [0x00000000ec180000,0x00000000ec180000,0x00000000ee580000)
  from space 108544K, 92% used [0x00000000f4f80000,0x00000000fb138000,0x00000000fb980000)
  to   space 108544K, 0% used [0x00000000ee580000,0x00000000ee580000,0x00000000f4f80000)
 ParOldGen       total 194560K, used 146930K [0x00000000c4400000, 0x00000000d0200000, 0x00000000ec180000)
  object space 194560K, 75% used [0x00000000c4400000,0x00000000cd37cb10,0x00000000d0200000)
 Metaspace       used 11057K, capacity 11250K, committed 11392K, reserved 1058816K
  class space    used 1323K, capacity 1375K, committed 1408K, reserved 1048576K
}
Event: 4.690 GC heap before
{Heap before GC invocations=14 (full 3):
 PSYoungGen      total 145408K, used 136928K [0x00000000ec180000, 0x00000000fbb00000, 0x0000000100000000)
  eden space 36864K, 100% used [0x00000000ec180000,0x00000000ee580000,0x00000000ee580000)
  from space 108544K, 92% used [0x00000000f4f80000,0x00000000fb138000,0x00000000fb980000)
  to   space 108544K, 0% used [0x00000000ee580000,0x00000000ee580000,0x00000000f4f80000)
 ParOldGen       total 248832K, used 201013K [0x00000000c4400000, 0x00000000d3700000, 0x00000000ec180000)
  object space 248832K, 80% used [0x00000000c4400000,0x00000000d084d598,0x00000000d3700000)
 Metaspace       used 11057K, capacity 11250K, committed 11392K, reserved 1058816K
  class space    used 1323K, capacity 1375K, committed 1408K, reserved 1048576K
Event: 5.480 GC heap after
Heap after GC invocations=14 (full 3):
 PSYoungGen      total 145408K, used 91296K [0x00000000ec180000, 0x00000000fca00000, 0x0000000100000000)
  eden space 36864K, 0% used [0x00000000ec180000,0x00000000ec180000,0x00000000ee580000)
  from space 108544K, 84% used [0x00000000ee580000,0x00000000f3ea8000,0x00000000f4f80000)
  to   space 108544K, 0% used [0x00000000f6000000,0x00000000f6000000,0x00000000fca00000)
 ParOldGen       total 248832K, used 246837K [0x00000000c4400000, 0x00000000d3700000, 0x00000000ec180000)
  object space 248832K, 99% used [0x00000000c4400000,0x00000000d350d598,0x00000000d3700000)
 Metaspace       used 11057K, capacity 11250K, committed 11392K, reserved 1058816K
  class space    used 1323K, capacity 1375K, committed 1408K, reserved 1048576K
}
Event: 5.677 GC heap before
{Heap before GC invocations=15 (full 4):
 PSYoungGen      total 145408K, used 91296K [0x00000000ec180000, 0x00000000fca00000, 0x0000000100000000)
  eden space 36864K, 0% used [0x00000000ec180000,0x00000000ec180000,0x00000000ee580000)
  from space 108544K, 84% used [0x00000000ee580000,0x00000000f3ea8000,0x00000000f4f80000)
  to   space 108544K, 0% used [0x00000000f6000000,0x00000000f6000000,0x00000000fca00000)
 ParOldGen       total 248832K, used 246837K [0x00000000c4400000, 0x00000000d3700000, 0x00000000ec180000)
  object space 248832K, 99% used [0x00000000c4400000,0x00000000d350d598,0x00000000d3700000)
 Metaspace       used 11057K, capacity 11250K, committed 11392K, reserved 1058816K
  class space    used 1323K, capacity 1375K, committed 1408K, reserved 1048576K

Deoptimization events (10 events):
Event: 1.378 Thread 0x00007f8b5800a000 Uncommon trap: reason=bimorphic action=maybe_recompile pc=0x00007f8b48f58cb8 method=org.apache.xmlbeans.impl.values.XmlObjectBase.monitor()Ljava/lang/Object; @ 11
Event: 1.379 Thread 0x00007f8b5800a000 Uncommon trap: reason=bimorphic action=maybe_recompile pc=0x00007f8b48f58cb8 method=org.apache.xmlbeans.impl.values.XmlObjectBase.monitor()Ljava/lang/Object; @ 11
Event: 1.386 Thread 0x00007f8b5800a000 Uncommon trap: reason=unstable_if action=reinterpret pc=0x00007f8b48f599bc method=javax.xml.namespace.QName.equals(Ljava/lang/Object;)Z @ 2
Event: 1.396 Thread 0x00007f8b5800a000 Uncommon trap: reason=unstable_if action=reinterpret pc=0x00007f8b48ecaf44 method=org.apache.xmlbeans.impl.store.CharUtil.getChars([CILjava/lang/Object;II)V @ 54
Event: 1.429 Thread 0x00007f8b5800a000 Uncommon trap: reason=bimorphic action=maybe_recompile pc=0x00007f8b48f6db04 method=org.apache.xmlbeans.impl.values.XmlObjectBase.attach_store(Lorg/apache/xmlbeans/impl/values/TypeStore;)V @ 37
Event: 1.430 Thread 0x00007f8b5800a000 Uncommon trap: reason=bimorphic action=maybe_recompile pc=0x00007f8b48f6db04 method=org.apache.xmlbeans.impl.values.XmlObjectBase.attach_store(Lorg/apache/xmlbeans/impl/values/TypeStore;)V @ 37
Event: 1.461 Thread 0x00007f8b5800a000 Uncommon trap: reason=unstable_if action=reinterpret pc=0x00007f8b48f40210 method=java.lang.Integer.compare(II)I @ 2
Event: 1.517 Thread 0x00007f8b583e0800 Uncommon trap: reason=unstable_if action=reinterpret pc=0x00007f8b48f5bbac method=java.lang.ThreadLocal.get()Ljava/lang/Object; @ 11
Event: 1.517 Thread 0x00007f8b583e0800 Uncommon trap: reason=bimorphic action=maybe_recompile pc=0x00007f8b48e1c538 method=java.util.HashMap.getNode(ILjava/lang/Object;)Ljava/util/HashMap$Node; @ 126
Event: 1.582 Thread 0x00007f8b5800a000 Uncommon trap: reason=unstable_if action=reinterpret pc=0x00007f8b48fe6c9c method=java.util.concurrent.ThreadPoolExecutor.runStateAtLeast(II)Z @ 2

Internal exceptions (10 events):
Event: 0.639 Thread 0x00007f8b5800a000 Exception <a 'java/security/PrivilegedActionException'> (0x00000000ecde09b8) thrown at [/RE-WORK/workspace/8-2-build-linux-amd64/jdk8u45/3457/hotspot/src/share/vm/prims/jvm.cpp, line 1382]
Event: 0.646 Thread 0x00007f8b5800a000 Exception <a 'java/security/PrivilegedActionException'> (0x00000000ecdefe50) thrown at [/RE-WORK/workspace/8-2-build-linux-amd64/jdk8u45/3457/hotspot/src/share/vm/prims/jvm.cpp, line 1382]
Event: 0.646 Thread 0x00007f8b5800a000 Exception <a 'java/security/PrivilegedActionException'> (0x00000000ecdf0198) thrown at [/RE-WORK/workspace/8-2-build-linux-amd64/jdk8u45/3457/hotspot/src/share/vm/prims/jvm.cpp, line 1382]
Event: 0.646 Thread 0x00007f8b5800a000 Exception <a 'java/security/PrivilegedActionException'> (0x00000000ecdf3f30) thrown at [/RE-WORK/workspace/8-2-build-linux-amd64/jdk8u45/3457/hotspot/src/share/vm/prims/jvm.cpp, line 1382]
Event: 0.646 Thread 0x00007f8b5800a000 Exception <a 'java/security/PrivilegedActionException'> (0x00000000ecdf4278) thrown at [/RE-WORK/workspace/8-2-build-linux-amd64/jdk8u45/3457/hotspot/src/share/vm/prims/jvm.cpp, line 1382]
Event: 0.646 Thread 0x00007f8b5800a000 Exception <a 'java/security/PrivilegedActionException'> (0x00000000ecdf8260) thrown at [/RE-WORK/workspace/8-2-build-linux-amd64/jdk8u45/3457/hotspot/src/share/vm/prims/jvm.cpp, line 1382]
Event: 0.646 Thread 0x00007f8b5800a000 Exception <a 'java/security/PrivilegedActionException'> (0x00000000ecdf85a8) thrown at [/RE-WORK/workspace/8-2-build-linux-amd64/jdk8u45/3457/hotspot/src/share/vm/prims/jvm.cpp, line 1382]
Event: 0.646 Thread 0x00007f8b5800a000 Exception <a 'java/security/PrivilegedActionException'> (0x00000000ecdfc418) thrown at [/RE-WORK/workspace/8-2-build-linux-amd64/jdk8u45/3457/hotspot/src/share/vm/prims/jvm.cpp, line 1382]
Event: 0.646 Thread 0x00007f8b5800a000 Exception <a 'java/security/PrivilegedActionException'> (0x00000000ecdfc760) thrown at [/RE-WORK/workspace/8-2-build-linux-amd64/jdk8u45/3457/hotspot/src/share/vm/prims/jvm.cpp, line 1382]
Event: 1.517 Thread 0x00007f8b583e0800 Implicit null exception at 0x00007f8b48f5bacb to 0x00007f8b48f5bb99

Events (10 events):
Event: 3.274 Executing VM operation: ParallelGCFailedAllocation done
Event: 3.297 Executing VM operation: ParallelGCFailedAllocation
Event: 3.439 Executing VM operation: ParallelGCFailedAllocation done
Event: 3.450 Executing VM operation: ParallelGCFailedAllocation
Event: 3.554 Executing VM operation: ParallelGCFailedAllocation done
Event: 3.588 Executing VM operation: ParallelGCFailedAllocation
Event: 4.046 Executing VM operation: ParallelGCFailedAllocation done
Event: 4.058 Executing VM operation: ParallelGCFailedAllocation
Event: 4.630 Executing VM operation: ParallelGCFailedAllocation done
Event: 4.690 Executing VM operation: ParallelGCFailedAllocation


Dynamic libraries:
00400000-00401000 r-xp 00000000 08:09 1451768                            /usr/lib/jvm/java-8-oracle/bin/java
00600000-00601000 rw-p 00000000 08:09 1451768                            /usr/lib/jvm/java-8-oracle/bin/java
01d77000-01d98000 rw-p 00000000 00:00 0                                  [heap]
c4400000-d3700000 rw-p 00000000 00:00 0 
dbf80000-ec180000 ---p 00000000 00:00 0 
ec180000-fca00000 rw-p 00000000 00:00 0 
fca00000-100000000 ---p 00000000 00:00 0 
100000000-100160000 rw-p 00000000 00:00 0 
100160000-140000000 ---p 00000000 00:00 0 
7f8af4000000-7f8af4021000 rw-p 00000000 00:00 0 
7f8af4021000-7f8af8000000 ---p 00000000 00:00 0 
7f8af8000000-7f8af8021000 rw-p 00000000 00:00 0 
7f8af8021000-7f8afc000000 ---p 00000000 00:00 0 
7f8afc000000-7f8afc335000 rw-p 00000000 00:00 0 
7f8afc335000-7f8b00000000 ---p 00000000 00:00 0 
7f8b00000000-7f8b00021000 rw-p 00000000 00:00 0 
7f8b00021000-7f8b04000000 ---p 00000000 00:00 0 
7f8b04000000-7f8b041ef000 rw-p 00000000 00:00 0 
7f8b041ef000-7f8b08000000 ---p 00000000 00:00 0 
7f8b08000000-7f8b082a8000 rw-p 00000000 00:00 0 
7f8b082a8000-7f8b0c000000 ---p 00000000 00:00 0 
7f8b0c000000-7f8b0c021000 rw-p 00000000 00:00 0 
7f8b0c021000-7f8b10000000 ---p 00000000 00:00 0 
7f8b10000000-7f8b10254000 rw-p 00000000 00:00 0 
7f8b10254000-7f8b14000000 ---p 00000000 00:00 0 
7f8b14000000-7f8b14021000 rw-p 00000000 00:00 0 
7f8b14021000-7f8b18000000 ---p 00000000 00:00 0 
7f8b18000000-7f8b18021000 rw-p 00000000 00:00 0 
7f8b18021000-7f8b1c000000 ---p 00000000 00:00 0 
7f8b1c000000-7f8b1c28a000 rw-p 00000000 00:00 0 
7f8b1c28a000-7f8b20000000 ---p 00000000 00:00 0 
7f8b20000000-7f8b20021000 rw-p 00000000 00:00 0 
7f8b20021000-7f8b24000000 ---p 00000000 00:00 0 
7f8b264c0000-7f8b264c3000 ---p 00000000 00:00 0 
7f8b264c3000-7f8b265c1000 rw-p 00000000 00:00 0 
7f8b265c1000-7f8b26656000 r--s 010fa000 08:09 1712533                    /usr/lib/jvm/java-8-oracle/jre/lib/ext/jfxrt.jar
7f8b26656000-7f8b26816000 rw-p 00000000 00:00 0 
7f8b26816000-7f8b26856000 ---p 00000000 00:00 0 
7f8b26856000-7f8b268ee000 r--s 00420000 08:09 1829927                    /home/kartikeya/btp/isw/isw/MachineSimulator/lib/poi-ooxml-schemas-3.10-FINAL-20140208.jar
7f8b268ee000-7f8b268ef000 ---p 00000000 00:00 0 
7f8b268ef000-7f8b269ef000 rw-p 00000000 00:00 0                          [stack:13112]
7f8b269ef000-7f8b269f2000 ---p 00000000 00:00 0 
7f8b269f2000-7f8b26af0000 rw-p 00000000 00:00 0                          [stack:13111]
7f8b26af0000-7f8b26af3000 ---p 00000000 00:00 0 
7f8b26af3000-7f8b26bf1000 rw-p 00000000 00:00 0                          [stack:13110]
7f8b26bf1000-7f8b26bf4000 ---p 00000000 00:00 0 
7f8b26bf4000-7f8b26cf2000 rw-p 00000000 00:00 0                          [stack:13109]
7f8b26cf2000-7f8b26cf5000 ---p 00000000 00:00 0 
7f8b26cf5000-7f8b26df3000 rw-p 00000000 00:00 0                          [stack:13108]
7f8b26df3000-7f8b26df6000 ---p 00000000 00:00 0 
7f8b26df6000-7f8b26ef4000 rw-p 00000000 00:00 0                          [stack:13107]
7f8b26ef4000-7f8b26ef7000 ---p 00000000 00:00 0 
7f8b26ef7000-7f8b26ff5000 rw-p 00000000 00:00 0                          [stack:13106]
7f8b26ff5000-7f8b273f4000 r--p 00000000 08:09 134978                     /usr/lib/locale/locale-archive
7f8b273f4000-7f8b273f7000 ---p 00000000 00:00 0 
7f8b273f7000-7f8b274f5000 rw-p 00000000 00:00 0                          [stack:13105]
7f8b274f5000-7f8b274f8000 ---p 00000000 00:00 0 
7f8b274f8000-7f8b275f6000 rw-p 00000000 00:00 0                          [stack:13104]
7f8b275f6000-7f8b275f7000 ---p 00000000 00:00 0 
7f8b275f7000-7f8b28000000 rw-p 00000000 00:00 0                          [stack:13103]
7f8b28000000-7f8b28f19000 rw-p 00000000 00:00 0 
7f8b28f19000-7f8b2c000000 ---p 00000000 00:00 0 
7f8b2c000000-7f8b2c021000 rw-p 00000000 00:00 0 
7f8b2c021000-7f8b30000000 ---p 00000000 00:00 0 
7f8b30000000-7f8b31278000 rw-p 00000000 00:00 0 
7f8b31278000-7f8b34000000 ---p 00000000 00:00 0 
7f8b34000000-7f8b34124000 rw-p 00000000 00:00 0 
7f8b34124000-7f8b38000000 ---p 00000000 00:00 0 
7f8b38000000-7f8b38021000 rw-p 00000000 00:00 0 
7f8b38021000-7f8b3c000000 ---p 00000000 00:00 0 
7f8b3c000000-7f8b3c021000 rw-p 00000000 00:00 0 
7f8b3c021000-7f8b40000000 ---p 00000000 00:00 0 
7f8b40000000-7f8b41d7e000 rw-p 00000000 00:00 0 
7f8b41d7e000-7f8b44000000 ---p 00000000 00:00 0 
7f8b44043000-7f8b44056000 r--s 00344000 08:09 1584489                    /usr/lib/jvm/java-8-oracle/jre/lib/resources.jar
7f8b44056000-7f8b44094000 r--s 0025e000 08:09 1829928                    /home/kartikeya/btp/isw/isw/MachineSimulator/lib/xmlbeans-5.3.0-m7.jar
7f8b44094000-7f8b440a2000 r--s 000ee000 08:09 1829926                    /home/kartikeya/btp/isw/isw/MachineSimulator/lib/poi-ooxml-3.10-FINAL-20140208.jar
7f8b440a2000-7f8b440be000 r--s 00393000 08:09 1712528                    /usr/lib/jvm/java-8-oracle/jre/lib/ext/cldrdata.jar
7f8b440be000-7f8b440e0000 r--s 001bb000 08:09 1829925                    /home/kartikeya/btp/isw/isw/MachineSimulator/lib/poi-3.10-FINAL-20140208.jar
7f8b440e0000-7f8b440fe000 r--s 00180000 08:09 1829974                    /home/kartikeya/btp/isw/isw/SimulationUtils/lib/commons-math3-3.2.jar
7f8b440fe000-7f8b45425000 rw-p 00000000 00:00 0 
7f8b45425000-7f8b455fe000 r--s 03d09000 08:09 1584528                    /usr/lib/jvm/java-8-oracle/jre/lib/rt.jar
7f8b455fe000-7f8b47e32000 rw-p 00000000 00:00 0 
7f8b47e32000-7f8b47e33000 ---p 00000000 00:00 0 
7f8b47e33000-7f8b47f33000 rw-p 00000000 00:00 0                          [stack:13102]
7f8b47f33000-7f8b47f34000 ---p 00000000 00:00 0 
7f8b47f34000-7f8b48034000 rw-p 00000000 00:00 0                          [stack:13101]
7f8b48034000-7f8b48035000 ---p 00000000 00:00 0 
7f8b48035000-7f8b48135000 rw-p 00000000 00:00 0                          [stack:13100]
7f8b48135000-7f8b48136000 ---p 00000000 00:00 0 
7f8b48136000-7f8b48236000 rw-p 00000000 00:00 0                          [stack:13099]
7f8b48236000-7f8b48237000 ---p 00000000 00:00 0 
7f8b48237000-7f8b48337000 rw-p 00000000 00:00 0                          [stack:13098]
7f8b48337000-7f8b48338000 ---p 00000000 00:00 0 
7f8b48338000-7f8b48438000 rw-p 00000000 00:00 0                          [stack:13097]
7f8b48438000-7f8b48439000 ---p 00000000 00:00 0 
7f8b48439000-7f8b48539000 rw-p 00000000 00:00 0                          [stack:13096]
7f8b48539000-7f8b4853a000 ---p 00000000 00:00 0 
7f8b4853a000-7f8b486b4000 rw-p 00000000 00:00 0                          [stack:13095]
7f8b486b4000-7f8b48778000 ---p 00000000 00:00 0 
7f8b48778000-7f8b487fd000 rw-p 00000000 00:00 0 
7f8b487fd000-7f8b48818000 ---p 00000000 00:00 0 
7f8b48818000-7f8b4882a000 rw-p 00000000 00:00 0 
7f8b4882a000-7f8b48bd9000 ---p 00000000 00:00 0 
7f8b48bd9000-7f8b49009000 rwxp 00000000 00:00 0 
7f8b49009000-7f8b57bd9000 ---p 00000000 00:00 0 
7f8b57bd9000-7f8b57bf3000 r-xp 00000000 08:09 1831814                    /usr/lib/jvm/java-8-oracle/jre/lib/amd64/libzip.so
7f8b57bf3000-7f8b57df3000 ---p 0001a000 08:09 1831814                    /usr/lib/jvm/java-8-oracle/jre/lib/amd64/libzip.so
7f8b57df3000-7f8b57df4000 rw-p 0001a000 08:09 1831814                    /usr/lib/jvm/java-8-oracle/jre/lib/amd64/libzip.so
7f8b57df4000-7f8b57dff000 r-xp 00000000 08:09 1050041                    /lib/x86_64-linux-gnu/libnss_files-2.19.so
7f8b57dff000-7f8b57ffe000 ---p 0000b000 08:09 1050041                    /lib/x86_64-linux-gnu/libnss_files-2.19.so
7f8b57ffe000-7f8b57fff000 r--p 0000a000 08:09 1050041                    /lib/x86_64-linux-gnu/libnss_files-2.19.so
7f8b57fff000-7f8b58000000 rw-p 0000b000 08:09 1050041                    /lib/x86_64-linux-gnu/libnss_files-2.19.so
7f8b58000000-7f8b584a0000 rw-p 00000000 00:00 0 
7f8b584a0000-7f8b5c000000 ---p 00000000 00:00 0 
7f8b5c000000-7f8b5c09b000 rw-p 00000000 00:00 0 
7f8b5c09b000-7f8b5c160000 ---p 00000000 00:00 0 
7f8b5c160000-7f8b5c16b000 r-xp 00000000 08:09 1050061                    /lib/x86_64-linux-gnu/libnss_nis-2.19.so
7f8b5c16b000-7f8b5c36a000 ---p 0000b000 08:09 1050061                    /lib/x86_64-linux-gnu/libnss_nis-2.19.so
7f8b5c36a000-7f8b5c36b000 r--p 0000a000 08:09 1050061                    /lib/x86_64-linux-gnu/libnss_nis-2.19.so
7f8b5c36b000-7f8b5c36c000 rw-p 0000b000 08:09 1050061                    /lib/x86_64-linux-gnu/libnss_nis-2.19.so
7f8b5c36c000-7f8b5c383000 r-xp 00000000 08:09 1050050                    /lib/x86_64-linux-gnu/libnsl-2.19.so
7f8b5c383000-7f8b5c582000 ---p 00017000 08:09 1050050                    /lib/x86_64-linux-gnu/libnsl-2.19.so
7f8b5c582000-7f8b5c583000 r--p 00016000 08:09 1050050                    /lib/x86_64-linux-gnu/libnsl-2.19.so
7f8b5c583000-7f8b5c584000 rw-p 00017000 08:09 1050050                    /lib/x86_64-linux-gnu/libnsl-2.19.so
7f8b5c584000-7f8b5c586000 rw-p 00000000 00:00 0 
7f8b5c586000-7f8b5c58f000 r-xp 00000000 08:09 1050049                    /lib/x86_64-linux-gnu/libnss_compat-2.19.so
7f8b5c58f000-7f8b5c78e000 ---p 00009000 08:09 1050049                    /lib/x86_64-linux-gnu/libnss_compat-2.19.so
7f8b5c78e000-7f8b5c78f000 r--p 00008000 08:09 1050049                    /lib/x86_64-linux-gnu/libnss_compat-2.19.so
7f8b5c78f000-7f8b5c790000 rw-p 00009000 08:09 1050049                    /lib/x86_64-linux-gnu/libnss_compat-2.19.so
7f8b5c790000-7f8b5c7ba000 r-xp 00000000 08:09 1831799                    /usr/lib/jvm/java-8-oracle/jre/lib/amd64/libjava.so
7f8b5c7ba000-7f8b5c9ba000 ---p 0002a000 08:09 1831799                    /usr/lib/jvm/java-8-oracle/jre/lib/amd64/libjava.so
7f8b5c9ba000-7f8b5c9bc000 rw-p 0002a000 08:09 1831799                    /usr/lib/jvm/java-8-oracle/jre/lib/amd64/libjava.so
7f8b5c9bc000-7f8b5c9c9000 r-xp 00000000 08:09 1831847                    /usr/lib/jvm/java-8-oracle/jre/lib/amd64/libverify.so
7f8b5c9c9000-7f8b5cbc9000 ---p 0000d000 08:09 1831847                    /usr/lib/jvm/java-8-oracle/jre/lib/amd64/libverify.so
7f8b5cbc9000-7f8b5cbcb000 rw-p 0000d000 08:09 1831847                    /usr/lib/jvm/java-8-oracle/jre/lib/amd64/libverify.so
7f8b5cbcb000-7f8b5cbd2000 r-xp 00000000 08:09 1050058                    /lib/x86_64-linux-gnu/librt-2.19.so
7f8b5cbd2000-7f8b5cdd1000 ---p 00007000 08:09 1050058                    /lib/x86_64-linux-gnu/librt-2.19.so
7f8b5cdd1000-7f8b5cdd2000 r--p 00006000 08:09 1050058                    /lib/x86_64-linux-gnu/librt-2.19.so
7f8b5cdd2000-7f8b5cdd3000 rw-p 00007000 08:09 1050058                    /lib/x86_64-linux-gnu/librt-2.19.so
7f8b5cdd3000-7f8b5ced8000 r-xp 00000000 08:09 1050040                    /lib/x86_64-linux-gnu/libm-2.19.so
7f8b5ced8000-7f8b5d0d7000 ---p 00105000 08:09 1050040                    /lib/x86_64-linux-gnu/libm-2.19.so
7f8b5d0d7000-7f8b5d0d8000 r--p 00104000 08:09 1050040                    /lib/x86_64-linux-gnu/libm-2.19.so
7f8b5d0d8000-7f8b5d0d9000 rw-p 00105000 08:09 1050040                    /lib/x86_64-linux-gnu/libm-2.19.so
7f8b5d0d9000-7f8b5dd87000 r-xp 00000000 08:09 1831804                    /usr/lib/jvm/java-8-oracle/jre/lib/amd64/server/libjvm.so
7f8b5dd87000-7f8b5df86000 ---p 00cae000 08:09 1831804                    /usr/lib/jvm/java-8-oracle/jre/lib/amd64/server/libjvm.so
7f8b5df86000-7f8b5e05d000 rw-p 00cad000 08:09 1831804                    /usr/lib/jvm/java-8-oracle/jre/lib/amd64/server/libjvm.so
7f8b5e05d000-7f8b5e0a1000 rw-p 00000000 00:00 0 
7f8b5e0a1000-7f8b5e25c000 r-xp 00000000 08:09 1050055                    /lib/x86_64-linux-gnu/libc-2.19.so
7f8b5e25c000-7f8b5e45b000 ---p 001bb000 08:09 1050055                    /lib/x86_64-linux-gnu/libc-2.19.so
7f8b5e45b000-7f8b5e45f000 r--p 001ba000 08:09 1050055                    /lib/x86_64-linux-gnu/libc-2.19.so
7f8b5e45f000-7f8b5e461000 rw-p 001be000 08:09 1050055                    /lib/x86_64-linux-gnu/libc-2.19.so
7f8b5e461000-7f8b5e466000 rw-p 00000000 00:00 0 
7f8b5e466000-7f8b5e469000 r-xp 00000000 08:09 1050044                    /lib/x86_64-linux-gnu/libdl-2.19.so
7f8b5e469000-7f8b5e668000 ---p 00003000 08:09 1050044                    /lib/x86_64-linux-gnu/libdl-2.19.so
7f8b5e668000-7f8b5e669000 r--p 00002000 08:09 1050044                    /lib/x86_64-linux-gnu/libdl-2.19.so
7f8b5e669000-7f8b5e66a000 rw-p 00003000 08:09 1050044                    /lib/x86_64-linux-gnu/libdl-2.19.so
7f8b5e66a000-7f8b5e67f000 r-xp 00000000 08:09 1451721                    /usr/lib/jvm/java-8-oracle/lib/amd64/jli/libjli.so
7f8b5e67f000-7f8b5e87f000 ---p 00015000 08:09 1451721                    /usr/lib/jvm/java-8-oracle/lib/amd64/jli/libjli.so
7f8b5e87f000-7f8b5e880000 rw-p 00015000 08:09 1451721                    /usr/lib/jvm/java-8-oracle/lib/amd64/jli/libjli.so
7f8b5e880000-7f8b5e899000 r-xp 00000000 08:09 1050056                    /lib/x86_64-linux-gnu/libpthread-2.19.so
7f8b5e899000-7f8b5ea98000 ---p 00019000 08:09 1050056                    /lib/x86_64-linux-gnu/libpthread-2.19.so
7f8b5ea98000-7f8b5ea99000 r--p 00018000 08:09 1050056                    /lib/x86_64-linux-gnu/libpthread-2.19.so
7f8b5ea99000-7f8b5ea9a000 rw-p 00019000 08:09 1050056                    /lib/x86_64-linux-gnu/libpthread-2.19.so
7f8b5ea9a000-7f8b5ea9e000 rw-p 00000000 00:00 0 
7f8b5ea9e000-7f8b5eac1000 r-xp 00000000 08:09 1050052                    /lib/x86_64-linux-gnu/ld-2.19.so
7f8b5eac1000-7f8b5eac6000 r--s 00094000 08:09 1584516                    /usr/lib/jvm/java-8-oracle/jre/lib/jsse.jar
7f8b5eac6000-7f8b5eb9e000 rw-p 00000000 00:00 0 
7f8b5eb9e000-7f8b5eba1000 ---p 00000000 00:00 0 
7f8b5eba1000-7f8b5eca4000 rw-p 00000000 00:00 0                          [stack:13094]
7f8b5eca4000-7f8b5ecaf000 r--s 00116000 08:09 1712527                    /usr/lib/jvm/java-8-oracle/jre/lib/ext/localedata.jar
7f8b5ecaf000-7f8b5ecb4000 r--s 00048000 08:09 1829924                    /home/kartikeya/btp/isw/isw/MachineSimulator/lib/dom4j-1.6.1.jar
7f8b5ecb4000-7f8b5ecbc000 rw-s 00000000 08:09 1176624                    /tmp/hsperfdata_kartikeya/13088
7f8b5ecbc000-7f8b5ecbd000 rw-p 00000000 00:00 0 
7f8b5ecbd000-7f8b5ecbe000 ---p 00000000 00:00 0 
7f8b5ecbe000-7f8b5ecc0000 rw-p 00000000 00:00 0 
7f8b5ecc0000-7f8b5ecc1000 r--p 00022000 08:09 1050052                    /lib/x86_64-linux-gnu/ld-2.19.so
7f8b5ecc1000-7f8b5ecc2000 rw-p 00023000 08:09 1050052                    /lib/x86_64-linux-gnu/ld-2.19.so
7f8b5ecc2000-7f8b5ecc3000 rw-p 00000000 00:00 0 
7fff9317a000-7fff9319c000 rw-p 00000000 00:00 0                          [stack]
7fff931f4000-7fff931f6000 r-xp 00000000 00:00 0                          [vdso]
ffffffffff600000-ffffffffff601000 r-xp 00000000 00:00 0                  [vsyscall]

VM Arguments:
jvm_args: -Dfile.encoding=UTF-8 
java_command: org.isw.test.MemeticTest
java_class_path (initial): /home/kartikeya/btp/isw/isw/MachineSimulator/bin:/home/kartikeya/btp/isw/isw/SimulationUtils/bin:/home/kartikeya/btp/isw/isw/SimulationUtils/lib/commons-math3-3.2.jar:/home/kartikeya/btp/isw/isw/MachineSimulator/lib/dom4j-1.6.1.jar:/home/kartikeya/btp/isw/isw/MachineSimulator/lib/poi-3.10-FINAL-20140208.jar:/home/kartikeya/btp/isw/isw/MachineSimulator/lib/poi-ooxml-3.10-FINAL-20140208.jar:/home/kartikeya/btp/isw/isw/MachineSimulator/lib/poi-ooxml-schemas-3.10-FINAL-20140208.jar:/home/kartikeya/btp/isw/isw/MachineSimulator/lib/xmlbeans-5.3.0-m7.jar
Launcher Type: SUN_STANDARD

Environment Variables:
PATH=/home/kartikeya/bakshi/apache-ant-1.9.4/bin:/usr/local/sbin:/usr/local/bin:/usr/sbin:/usr/bin:/sbin:/bin:/usr/games:/usr/local/games
SHELL=/bin/bash
DISPLAY=:0

Signal Handlers:
SIGSEGV: [libjvm.so+0xaad1e0], sa_mask[0]=11111111011111111101111111111110, sa_flags=SA_RESTART|SA_SIGINFO
SIGBUS: [libjvm.so+0xaad1e0], sa_mask[0]=11111111011111111101111111111110, sa_flags=SA_RESTART|SA_SIGINFO
SIGFPE: [libjvm.so+0x90b450], sa_mask[0]=11111111011111111101111111111110, sa_flags=SA_RESTART|SA_SIGINFO
SIGPIPE: [libjvm.so+0x90b450], sa_mask[0]=11111111011111111101111111111110, sa_flags=SA_RESTART|SA_SIGINFO
SIGXFSZ: [libjvm.so+0x90b450], sa_mask[0]=11111111011111111101111111111110, sa_flags=SA_RESTART|SA_SIGINFO
SIGILL: [libjvm.so+0x90b450], sa_mask[0]=11111111011111111101111111111110, sa_flags=SA_RESTART|SA_SIGINFO
SIGUSR1: SIG_DFL, sa_mask[0]=00000000000000000000000000000000, sa_flags=none
SIGUSR2: [libjvm.so+0x90ca90], sa_mask[0]=00100000000000000000000000000000, sa_flags=SA_RESTART|SA_SIGINFO
SIGHUP: [libjvm.so+0x90dde0], sa_mask[0]=11111111011111111101111111111110, sa_flags=SA_RESTART|SA_SIGINFO
SIGINT: [libjvm.so+0x90dde0], sa_mask[0]=11111111011111111101111111111110, sa_flags=SA_RESTART|SA_SIGINFO
SIGTERM: [libjvm.so+0x90dde0], sa_mask[0]=11111111011111111101111111111110, sa_flags=SA_RESTART|SA_SIGINFO
SIGQUIT: [libjvm.so+0x90dde0], sa_mask[0]=11111111011111111101111111111110, sa_flags=SA_RESTART|SA_SIGINFO


---------------  S Y S T E M  ---------------

OS:DISTRIB_ID="elementary OS"
DISTRIB_RELEASE=0.3
DISTRIB_CODENAME=freya
DISTRIB_DESCRIPTION="elementary OS Freya"

uname:Linux 3.13.0-46-generic #79-Ubuntu SMP Tue Mar 10 20:06:50 UTC 2015 x86_64
libc:glibc 2.19 NPTL 2.19 
rlimit: STACK 8192k, CORE 0k, NPROC 29781, NOFILE 4096, AS infinity
load average:8.25 3.89 2.55

/proc/meminfo:
MemTotal:        3914140 kB
MemFree:          106568 kB
Buffers:            1228 kB
Cached:           289332 kB
SwapCached:            0 kB
Active:          3358792 kB
Inactive:         264936 kB
Active(anon):    3336300 kB
Inactive(anon):   205368 kB
Active(file):      22492 kB
Inactive(file):    59568 kB
Unevictable:          32 kB
Mlocked:              32 kB
SwapTotal:             0 kB
SwapFree:              0 kB
Dirty:                72 kB
Writeback:             0 kB
AnonPages:       3334040 kB
Mapped:           100728 kB
Shmem:            207864 kB
Slab:              70832 kB
SReclaimable:      33760 kB
SUnreclaim:        37072 kB
KernelStack:        5256 kB
PageTables:        32548 kB
NFS_Unstable:          0 kB
Bounce:                0 kB
WritebackTmp:          0 kB
CommitLimit:     1957068 kB
Committed_AS:    6575580 kB
VmallocTotal:   34359738367 kB
VmallocUsed:      558928 kB
VmallocChunk:   34359153116 kB
HardwareCorrupted:     0 kB
AnonHugePages:   1726464 kB
HugePages_Total:       0
HugePages_Free:        0
HugePages_Rsvd:        0
HugePages_Surp:        0
Hugepagesize:       2048 kB
DirectMap4k:      136956 kB
DirectMap2M:     3923968 kB


CPU:total 8 (4 cores per cpu, 2 threads per core) family 6 model 58 stepping 9, cmov, cx8, fxsr, mmx, sse, sse2, sse3, ssse3, sse4.1, sse4.2, popcnt, avx, aes, clmul, erms, ht, tsc, tscinvbit, tscinv

/proc/cpuinfo:
processor	: 0
vendor_id	: GenuineIntel
cpu family	: 6
model		: 58
model name	: Intel(R) Core(TM) i7-3632QM CPU @ 2.20GHz
stepping	: 9
microcode	: 0x15
cpu MHz		: 1200.000
cache size	: 6144 KB
physical id	: 0
siblings	: 8
core id		: 0
cpu cores	: 4
apicid		: 0
initial apicid	: 0
fpu		: yes
fpu_exception	: yes
cpuid level	: 13
wp		: yes
flags		: fpu vme de pse tsc msr pae mce cx8 apic sep mtrr pge mca cmov pat pse36 clflush dts acpi mmx fxsr sse sse2 ss ht tm pbe syscall nx rdtscp lm constant_tsc arch_perfmon pebs bts rep_good nopl xtopology nonstop_tsc aperfmperf eagerfpu pni pclmulqdq dtes64 monitor ds_cpl vmx est tm2 ssse3 cx16 xtpr pdcm pcid sse4_1 sse4_2 x2apic popcnt tsc_deadline_timer aes xsave avx f16c rdrand lahf_lm ida arat epb xsaveopt pln pts dtherm tpr_shadow vnmi flexpriority ept vpid fsgsbase smep erms
bogomips	: 4390.13
clflush size	: 64
cache_alignment	: 64
address sizes	: 36 bits physical, 48 bits virtual
power management:

processor	: 1
vendor_id	: GenuineIntel
cpu family	: 6
model		: 58
model name	: Intel(R) Core(TM) i7-3632QM CPU @ 2.20GHz
stepping	: 9
microcode	: 0x15
cpu MHz		: 2201.000
cache size	: 6144 KB
physical id	: 0
siblings	: 8
core id		: 0
cpu cores	: 4
apicid		: 1
initial apicid	: 1
fpu		: yes
fpu_exception	: yes
cpuid level	: 13
wp		: yes
flags		: fpu vme de pse tsc msr pae mce cx8 apic sep mtrr pge mca cmov pat pse36 clflush dts acpi mmx fxsr sse sse2 ss ht tm pbe syscall nx rdtscp lm constant_tsc arch_perfmon pebs bts rep_good nopl xtopology nonstop_tsc aperfmperf eagerfpu pni pclmulqdq dtes64 monitor ds_cpl vmx est tm2 ssse3 cx16 xtpr pdcm pcid sse4_1 sse4_2 x2apic popcnt tsc_deadline_timer aes xsave avx f16c rdrand lahf_lm ida arat epb xsaveopt pln pts dtherm tpr_shadow vnmi flexpriority ept vpid fsgsbase smep erms
bogomips	: 4390.13
clflush size	: 64
cache_alignment	: 64
address sizes	: 36 bits physical, 48 bits virtual
power management:

processor	: 2
vendor_id	: GenuineIntel
cpu family	: 6
model		: 58
model name	: Intel(R) Core(TM) i7-3632QM CPU @ 2.20GHz
stepping	: 9
microcode	: 0x15
cpu MHz		: 2201.000
cache size	: 6144 KB
physical id	: 0
siblings	: 8
core id		: 1
cpu cores	: 4
apicid		: 2
initial apicid	: 2
fpu		: yes
fpu_exception	: yes
cpuid level	: 13
wp		: yes
flags		: fpu vme de pse tsc msr pae mce cx8 apic sep mtrr pge mca cmov pat pse36 clflush dts acpi mmx fxsr sse sse2 ss ht tm pbe syscall nx rdtscp lm constant_tsc arch_perfmon pebs bts rep_good nopl xtopology nonstop_tsc aperfmperf eagerfpu pni pclmulqdq dtes64 monitor ds_cpl vmx est tm2 ssse3 cx16 xtpr pdcm pcid sse4_1 sse4_2 x2apic popcnt tsc_deadline_timer aes xsave avx f16c rdrand lahf_lm ida arat epb xsaveopt pln pts dtherm tpr_shadow vnmi flexpriority ept vpid fsgsbase smep erms
bogomips	: 4390.13
clflush size	: 64
cache_alignment	: 64
address sizes	: 36 bits physical, 48 bits virtual
power management:

processor	: 3
vendor_id	: GenuineIntel
cpu family	: 6
model		: 58
model name	: Intel(R) Core(TM) i7-3632QM CPU @ 2.20GHz
stepping	: 9
microcode	: 0x15
cpu MHz		: 2201.000
cache size	: 6144 KB
physical id	: 0
siblings	: 8
core id		: 1
cpu cores	: 4
apicid		: 3
initial apicid	: 3
fpu		: yes
fpu_exception	: yes
cpuid level	: 13
wp		: yes
flags		: fpu vme de pse tsc msr pae mce cx8 apic sep mtrr pge mca cmov pat pse36 clflush dts acpi mmx fxsr sse sse2 ss ht tm pbe syscall nx rdtscp lm constant_tsc arch_perfmon pebs bts rep_good nopl xtopology nonstop_tsc aperfmperf eagerfpu pni pclmulqdq dtes64 monitor ds_cpl vmx est tm2 ssse3 cx16 xtpr pdcm pcid sse4_1 sse4_2 x2apic popcnt tsc_deadline_timer aes xsave avx f16c rdrand lahf_lm ida arat epb xsaveopt pln pts dtherm tpr_shadow vnmi flexpriority ept vpid fsgsbase smep erms
bogomips	: 4390.13
clflush size	: 64
cache_alignment	: 64
address sizes	: 36 bits physical, 48 bits virtual
power management:

processor	: 4
vendor_id	: GenuineIntel
cpu family	: 6
model		: 58
model name	: Intel(R) Core(TM) i7-3632QM CPU @ 2.20GHz
stepping	: 9
microcode	: 0x15
cpu MHz		: 2201.000
cache size	: 6144 KB
physical id	: 0
siblings	: 8
core id		: 2
cpu cores	: 4
apicid		: 4
initial apicid	: 4
fpu		: yes
fpu_exception	: yes
cpuid level	: 13
wp		: yes
flags		: fpu vme de pse tsc msr pae mce cx8 apic sep mtrr pge mca cmov pat pse36 clflush dts acpi mmx fxsr sse sse2 ss ht tm pbe syscall nx rdtscp lm constant_tsc arch_perfmon pebs bts rep_good nopl xtopology nonstop_tsc aperfmperf eagerfpu pni pclmulqdq dtes64 monitor ds_cpl vmx est tm2 ssse3 cx16 xtpr pdcm pcid sse4_1 sse4_2 x2apic popcnt tsc_deadline_timer aes xsave avx f16c rdrand lahf_lm ida arat epb xsaveopt pln pts dtherm tpr_shadow vnmi flexpriority ept vpid fsgsbase smep erms
bogomips	: 4390.13
clflush size	: 64
cache_alignment	: 64
address sizes	: 36 bits physical, 48 bits virtual
power management:

processor	: 5
vendor_id	: GenuineIntel
cpu family	: 6
model		: 58
model name	: Intel(R) Core(TM) i7-3632QM CPU @ 2.20GHz
stepping	: 9
microcode	: 0x15
cpu MHz		: 2201.000
cache size	: 6144 KB
physical id	: 0
siblings	: 8
core id		: 2
cpu cores	: 4
apicid		: 5
initial apicid	: 5
fpu		: yes
fpu_exception	: yes
cpuid level	: 13
wp		: yes
flags		: fpu vme de pse tsc msr pae mce cx8 apic sep mtrr pge mca cmov pat pse36 clflush dts acpi mmx fxsr sse sse2 ss ht tm pbe syscall nx rdtscp lm constant_tsc arch_perfmon pebs bts rep_good nopl xtopology nonstop_tsc aperfmperf eagerfpu pni pclmulqdq dtes64 monitor ds_cpl vmx est tm2 ssse3 cx16 xtpr pdcm pcid sse4_1 sse4_2 x2apic popcnt tsc_deadline_timer aes xsave avx f16c rdrand lahf_lm ida arat epb xsaveopt pln pts dtherm tpr_shadow vnmi flexpriority ept vpid fsgsbase smep erms
bogomips	: 4390.13
clflush size	: 64
cache_alignment	: 64
address sizes	: 36 bits physical, 48 bits virtual
power management:

processor	: 6
vendor_id	: GenuineIntel
cpu family	: 6
model		: 58
model name	: Intel(R) Core(TM) i7-3632QM CPU @ 2.20GHz
stepping	: 9
microcode	: 0x15
cpu MHz		: 2201.000
cache size	: 6144 KB
physical id	: 0
siblings	: 8
core id		: 3
cpu cores	: 4
apicid		: 6
initial apicid	: 6
fpu		: yes
fpu_exception	: yes
cpuid level	: 13
wp		: yes
flags		: fpu vme de pse tsc msr pae mce cx8 apic sep mtrr pge mca cmov pat pse36 clflush dts acpi mmx fxsr sse sse2 ss ht tm pbe syscall nx rdtscp lm constant_tsc arch_perfmon pebs bts rep_good nopl xtopology nonstop_tsc aperfmperf eagerfpu pni pclmulqdq dtes64 monitor ds_cpl vmx est tm2 ssse3 cx16 xtpr pdcm pcid sse4_1 sse4_2 x2apic popcnt tsc_deadline_timer aes xsave avx f16c rdrand lahf_lm ida arat epb xsaveopt pln pts dtherm tpr_shadow vnmi flexpriority ept vpid fsgsbase smep erms
bogomips	: 4390.13
clflush size	: 64
cache_alignment	: 64
address sizes	: 36 bits physical, 48 bits virtual
power management:

processor	: 7
vendor_id	: GenuineIntel
cpu family	: 6
model		: 58
model name	: Intel(R) Core(TM) i7-3632QM CPU @ 2.20GHz
stepping	: 9
microcode	: 0x15
cpu MHz		: 2201.000
cache size	: 6144 KB
physical id	: 0
siblings	: 8
core id		: 3
cpu cores	: 4
apicid		: 7
initial apicid	: 7
fpu		: yes
fpu_exception	: yes
cpuid level	: 13
wp		: yes
flags		: fpu vme de pse tsc msr pae mce cx8 apic sep mtrr pge mca cmov pat pse36 clflush dts acpi mmx fxsr sse sse2 ss ht tm pbe syscall nx rdtscp lm constant_tsc arch_perfmon pebs bts rep_good nopl xtopology nonstop_tsc aperfmperf eagerfpu pni pclmulqdq dtes64 monitor ds_cpl vmx est tm2 ssse3 cx16 xtpr pdcm pcid sse4_1 sse4_2 x2apic popcnt tsc_deadline_timer aes xsave avx f16c rdrand lahf_lm ida arat epb xsaveopt pln pts dtherm tpr_shadow vnmi flexpriority ept vpid fsgsbase smep erms
bogomips	: 4390.13
clflush size	: 64
cache_alignment	: 64
address sizes	: 36 bits physical, 48 bits virtual
power management:



Memory: 4k page, physical 3914140k(106568k free), swap 0k(0k free)

vm_info: Java HotSpot(TM) 64-Bit Server VM (25.45-b02) for linux-amd64 JRE (1.8.0_45-b14), built on Apr 10 2015 10:07:45 by "java_re" with gcc 4.3.0 20080428 (Red Hat 4.3.0-8)

time: Tue Aug 11 15:54:11 2015
elapsed time: 9 seconds (0d 0h 0m 9s)

